<?xml version="1.0" encoding="UTF-8"?>
<testng-results ignored="0" total="1" passed="1" failed="0" skipped="0">
  <reporter-output>
  </reporter-output>
  <suite started-at="2026-05-26T17:54:42 IST" name="Default suite" finished-at="2026-05-26T17:55:11 IST" duration-ms="29026">
    <groups>
    </groups>
    <test started-at="2026-05-26T17:54:42 IST" name="Default test" finished-at="2026-05-26T17:55:11 IST" duration-ms="29026">
      <class name="baselibrary.Baselibrary">
        <test-method signature="launchURL()[pri:0, instance:baselibrary.Baselibrary@4c583ecf]" started-at="2026-05-26T17:54:42 IST" name="launchURL" finished-at="2026-05-26T17:55:11 IST" duration-ms="28875" status="PASS">
          <reporter-output>
          </reporter-output>
        </test-method> <!-- launchURL -->
      </class> <!-- baselibrary.Baselibrary -->
    </test> <!-- Default test -->
  </suite> <!-- Default suite -->
</testng-results>
