<?xml version="1.0" encoding="UTF-8"?>
<testng-results ignored="0" total="1" passed="1" failed="0" skipped="0">
  <reporter-output>
  </reporter-output>
  <suite started-at="2026-05-26T14:09:24 IST" name="Suite" finished-at="2026-05-26T14:09:39 IST" duration-ms="15599">
    <groups>
    </groups>
    <test started-at="2026-05-26T14:09:24 IST" name="Test" finished-at="2026-05-26T14:09:39 IST" duration-ms="15599">
      <class name="baselibrary.Baselibrary">
        <test-method signature="launchURL()[pri:0, instance:baselibrary.Baselibrary@4562e04d]" started-at="2026-05-26T14:09:24 IST" name="launchURL" finished-at="2026-05-26T14:09:39 IST" duration-ms="15523" status="PASS">
          <reporter-output>
          </reporter-output>
        </test-method> <!-- launchURL -->
      </class> <!-- baselibrary.Baselibrary -->
    </test> <!-- Test -->
  </suite> <!-- Suite -->
</testng-results>
